<?xml version="1.0" encoding="UTF-8"?>
<!-- Generated by org.testng.reporters.JUnitXMLReporter -->
<testsuite hostname="DESKTOP-TDTR5DK" ignored="0" name="Default test" tests="4" failures="0" timestamp="11 Mar 2020 20:36:31 GMT" time="11.488" errors="0">
  <testcase name="checkWhetherThePlanIsNotExpired" time="1.541" classname="com.cts.CustomerDetailsSubmitTest"/>
  <testcase name="testInvalidRechargeDateException" time="0.98" classname="com.cts.CustomerDetailsSubmitTest"/>
  <testcase name="testWhetherMobileNoIsValid" time="0.842" classname="com.cts.CustomerDetailsSubmitTest"/>
  <testcase name="testWhetherUserNameIsValid" time="1.17" classname="com.cts.CustomerDetailsSubmitTest"/>
</testsuite> <!-- Default test -->
